system          > 
system          > ConTeXt  ver: 2024.02.27 09:18 LMTX  fmt: 2025.1.16  int: english/english
system          > 
system          > 'cont-new.mkxl' loaded
open source     > level 1, order 1, name '/usr/local/texlive/2024/texmf-dist/tex/context/base/mkxl/cont-new.mkxl'
system          > beware: some patches loaded from cont-new.mkiv
close source    > level 1, order 1, name '/usr/local/texlive/2024/texmf-dist/tex/context/base/mkxl/cont-new.mkxl'
system          > 'cont-sys.mkxl' loaded
open source     > level 1, order 2, name '/usr/local/texlive/2024/texmf-dist/tex/context/texlive/cont-sys.mkxl'
close source    > level 1, order 2, name '/usr/local/texlive/2024/texmf-dist/tex/context/texlive/cont-sys.mkxl'
system          > files > jobname './Book', input './Book.tex', result './Book'
fonts           > latin modern fonts are not preloaded
languages       > language 'en' is active
system          > synctex functionality is enabled, expect 5-10 pct runtime overhead!
open source     > level 1, order 3, name './Book.tex'
open source     > level 2, order 4, name '/usr/local/texlive/2024/texmf-dist/tex/context/fonts/mkiv/type-imp-plex.mkiv'
open source     > level 3, order 5, name '/usr/local/texlive/2024/texmf-dist/tex/context/fonts/mkiv/type-imp-texgyre.mkiv'
close source    > level 3, order 5, name '/usr/local/texlive/2024/texmf-dist/tex/context/fonts/mkiv/type-imp-texgyre.mkiv'
close source    > level 2, order 5, name '/usr/local/texlive/2024/texmf-dist/tex/context/fonts/mkiv/type-imp-plex.mkiv'
fonts           > goodies > goodie file 'plex-math' is not found (suffixes: lfg lua)
modules         > using user prefixed file 's-layout-show'
modules         > 's-layout-show' is loaded
open source     > level 2, order 6, name '/usr/local/texlive/2024/texmf-dist/tex/context/modules/mkxl/s-layout-show.mkxl'
loading         > ConTeXt Page Macros / Runtime Macros
resolvers       > lua > loading file '/usr/local/texlive/2024/texmf-dist/tex/context/base/mkiv/page-run.lua' succeeded
close source    > level 2, order 6, name '/usr/local/texlive/2024/texmf-dist/tex/context/modules/mkxl/s-layout-show.mkxl'
structure       > sectioning > section @ level 3 : 0.0.1 -> Text1
metapost        > initializing instance 'metafun:1' using format 'metafun' and method 'double'
metapost        > loading 'metafun' as '/usr/local/texlive/2024/texmf-dist/metapost/context/base/mpxl/metafun.mpxl' using method 'double'
metapost        > initializing number mode 'double'
metapost        > trace > This is MPLIB for LuaMetaTeX, version 3.14, running in double mode.
metapost        > trace > 
metapost        > trace > loading metafun for lmtx, including the plain 1.004 base definitions
metapost        > trace > 
pages           > flushing realpage 1, userpage 1, subpage 1
close source    > level 1, order 6, name './Book.tex'
backend         > xmp > using file '/usr/local/texlive/2024/texmf-dist/tex/context/base/mkiv/lpdf-pdx.xml'
system          > start used files
system          > text: Book
system          > stop used files
system          > start used files
system          >    1: filename=publ-imp-default.lua filetype=lua foundname=/usr/local/texlive/2024/texmf-dist/tex/context/base/mkiv/publ-imp-default.lua fullname=/usr/local/texlive/2024/texmf-dist/tex/context/base/mkiv/publ-imp-default.lua usedmethod=database
system          >    2: filename=cont-new.mkxl filetype=tex foundname=/usr/local/texlive/2024/texmf-dist/tex/context/base/mkxl/cont-new.mkxl fullname=/usr/local/texlive/2024/texmf-dist/tex/context/base/mkxl/cont-new.mkxl usedmethod=database
system          >    3: filename=cont-sys.mkxl filetype=tex foundname=/usr/local/texlive/2024/texmf-dist/tex/context/texlive/cont-sys.mkxl fullname=/usr/local/texlive/2024/texmf-dist/tex/context/texlive/cont-sys.mkxl usedmethod=database
system          >    4: filename=lang-exc.lua filetype=lua foundname=/usr/local/texlive/2024/texmf-dist/tex/context/base/mkiv/lang-exc.lua fullname=/usr/local/texlive/2024/texmf-dist/tex/context/base/mkiv/lang-exc.lua usedmethod=database
system          >    5: filename=lang-us.lua filetype=lua foundname=/usr/local/texlive/2024/texmf-dist/tex/context/patterns/mkiv/lang-us.lua fullname=/usr/local/texlive/2024/texmf-dist/tex/context/patterns/mkiv/lang-us.lua usedmethod=database
system          >    6: filename=/home/fabio/Nextcloud/AulasQuimica/Book.tex format=tex foundname=/home/fabio/Nextcloud/AulasQuimica/Book.tex fullname=/home/fabio/Nextcloud/AulasQuimica/Book.tex usedmethod=direct
system          >    7: filename=type-imp-plex.mkiv filetype=tex foundname=/usr/local/texlive/2024/texmf-dist/tex/context/fonts/mkiv/type-imp-plex.mkiv fullname=/usr/local/texlive/2024/texmf-dist/tex/context/fonts/mkiv/type-imp-plex.mkiv usedmethod=database
system          >    8: filename=type-imp-texgyre.mkiv filetype=tex foundname=/usr/local/texlive/2024/texmf-dist/tex/context/fonts/mkiv/type-imp-texgyre.mkiv fullname=/usr/local/texlive/2024/texmf-dist/tex/context/fonts/mkiv/type-imp-texgyre.mkiv usedmethod=database
system          >    9: filename=IBMPlexMath-Regular.otf filetype=otf foundname=/usr/local/texlive/2024/texmf-dist/fonts/opentype/ibm/plex/IBMPlexMath-Regular.otf fullname=/usr/local/texlive/2024/texmf-dist/fonts/opentype/ibm/plex/IBMPlexMath-Regular.otf usedmethod=database
system          >   10: filename=IBMPlexSerif-regular filetype=otf format=otf foundname=/usr/local/texlive/2024/texmf-dist/fonts/opentype/ibm/plex/IBMPlexSerif-Regular.otf fullname=/usr/local/texlive/2024/texmf-dist/fonts/opentype/ibm/plex/IBMPlexSerif-Regular.otf usedmethod=database
system          >   11: filename=s-layout-show.mkxl filetype=tex foundname=/usr/local/texlive/2024/texmf-dist/tex/context/modules/mkxl/s-layout-show.mkxl fullname=/usr/local/texlive/2024/texmf-dist/tex/context/modules/mkxl/s-layout-show.mkxl usedmethod=database
system          >   12: filename=page-run.lua filetype=tex format=tex foundname=/usr/local/texlive/2024/texmf-dist/tex/context/base/mkiv/page-run.lua fullname=/usr/local/texlive/2024/texmf-dist/tex/context/base/mkiv/page-run.lua usedmethod=database
system          >   13: filename=IBMPlexSerif-medium filetype=otf format=otf foundname=/usr/local/texlive/2024/texmf-dist/fonts/opentype/ibm/plex/IBMPlexSerif-Medium.otf fullname=/usr/local/texlive/2024/texmf-dist/fonts/opentype/ibm/plex/IBMPlexSerif-Medium.otf usedmethod=database
system          >   14: filename=metafun.mpxl filetype=mp foundname=/usr/local/texlive/2024/texmf-dist/metapost/context/base/mpxl/metafun.mpxl fullname=/usr/local/texlive/2024/texmf-dist/metapost/context/base/mpxl/metafun.mpxl usedmethod=database
system          >   15: filename=mp-base.mpxl filetype=mp foundname=/usr/local/texlive/2024/texmf-dist/metapost/context/base/mpxl/mp-base.mpxl fullname=/usr/local/texlive/2024/texmf-dist/metapost/context/base/mpxl/mp-base.mpxl usedmethod=database
system          >   16: filename=mp-tool.mpxl filetype=mp foundname=/usr/local/texlive/2024/texmf-dist/metapost/context/base/mpxl/mp-tool.mpxl fullname=/usr/local/texlive/2024/texmf-dist/metapost/context/base/mpxl/mp-tool.mpxl usedmethod=database
system          >   17: filename=mp-luas.mpxl filetype=mp foundname=/usr/local/texlive/2024/texmf-dist/metapost/context/base/mpxl/mp-luas.mpxl fullname=/usr/local/texlive/2024/texmf-dist/metapost/context/base/mpxl/mp-luas.mpxl usedmethod=database
system          >   18: filename=mp-mlib.mpxl filetype=mp foundname=/usr/local/texlive/2024/texmf-dist/metapost/context/base/mpxl/mp-mlib.mpxl fullname=/usr/local/texlive/2024/texmf-dist/metapost/context/base/mpxl/mp-mlib.mpxl usedmethod=database
system          >   19: filename=mp-math.mpxl filetype=mp foundname=/usr/local/texlive/2024/texmf-dist/metapost/context/base/mpxl/mp-math.mpxl fullname=/usr/local/texlive/2024/texmf-dist/metapost/context/base/mpxl/mp-math.mpxl usedmethod=database
system          >   20: filename=mp-cont.mpxl filetype=mp foundname=/usr/local/texlive/2024/texmf-dist/metapost/context/base/mpxl/mp-cont.mpxl fullname=/usr/local/texlive/2024/texmf-dist/metapost/context/base/mpxl/mp-cont.mpxl usedmethod=database
system          >   21: filename=mp-page.mpxl filetype=mp foundname=/usr/local/texlive/2024/texmf-dist/metapost/context/base/mpxl/mp-page.mpxl fullname=/usr/local/texlive/2024/texmf-dist/metapost/context/base/mpxl/mp-page.mpxl usedmethod=database
system          >   22: filename=mp-butt.mpxl filetype=mp foundname=/usr/local/texlive/2024/texmf-dist/metapost/context/base/mpxl/mp-butt.mpxl fullname=/usr/local/texlive/2024/texmf-dist/metapost/context/base/mpxl/mp-butt.mpxl usedmethod=database
system          >   23: filename=mp-shap.mpxl filetype=mp foundname=/usr/local/texlive/2024/texmf-dist/metapost/context/base/mpxl/mp-shap.mpxl fullname=/usr/local/texlive/2024/texmf-dist/metapost/context/base/mpxl/mp-shap.mpxl usedmethod=database
system          >   24: filename=mp-grph.mpxl filetype=mp foundname=/usr/local/texlive/2024/texmf-dist/metapost/context/base/mpxl/mp-grph.mpxl fullname=/usr/local/texlive/2024/texmf-dist/metapost/context/base/mpxl/mp-grph.mpxl usedmethod=database
system          >   25: filename=mp-grid.mpxl filetype=mp foundname=/usr/local/texlive/2024/texmf-dist/metapost/context/base/mpxl/mp-grid.mpxl fullname=/usr/local/texlive/2024/texmf-dist/metapost/context/base/mpxl/mp-grid.mpxl usedmethod=database
system          >   26: filename=mp-form.mpxl filetype=mp foundname=/usr/local/texlive/2024/texmf-dist/metapost/context/base/mpxl/mp-form.mpxl fullname=/usr/local/texlive/2024/texmf-dist/metapost/context/base/mpxl/mp-form.mpxl usedmethod=database
system          >   27: filename=mp-figs.mpxl filetype=mp foundname=/usr/local/texlive/2024/texmf-dist/metapost/context/base/mpxl/mp-figs.mpxl fullname=/usr/local/texlive/2024/texmf-dist/metapost/context/base/mpxl/mp-figs.mpxl usedmethod=database
system          >   28: filename=mp-func.mpxl filetype=mp foundname=/usr/local/texlive/2024/texmf-dist/metapost/context/base/mpxl/mp-func.mpxl fullname=/usr/local/texlive/2024/texmf-dist/metapost/context/base/mpxl/mp-func.mpxl usedmethod=database
system          >   29: filename=mp-node.mpxl filetype=mp foundname=/usr/local/texlive/2024/texmf-dist/metapost/context/base/mpxl/mp-node.mpxl fullname=/usr/local/texlive/2024/texmf-dist/metapost/context/base/mpxl/mp-node.mpxl usedmethod=database
system          >   30: filename=mp-apos.mpxl filetype=mp foundname=/usr/local/texlive/2024/texmf-dist/metapost/context/base/mpxl/mp-apos.mpxl fullname=/usr/local/texlive/2024/texmf-dist/metapost/context/base/mpxl/mp-apos.mpxl usedmethod=database
system          >   31: filename=mp-abck.mpxl filetype=mp foundname=/usr/local/texlive/2024/texmf-dist/metapost/context/base/mpxl/mp-abck.mpxl fullname=/usr/local/texlive/2024/texmf-dist/metapost/context/base/mpxl/mp-abck.mpxl usedmethod=database
system          >   32: filename=mp-asnc.mpxl filetype=mp foundname=/usr/local/texlive/2024/texmf-dist/metapost/context/base/mpxl/mp-asnc.mpxl fullname=/usr/local/texlive/2024/texmf-dist/metapost/context/base/mpxl/mp-asnc.mpxl usedmethod=database
system          >   33: filename=mp-blob.mpxl filetype=mp foundname=/usr/local/texlive/2024/texmf-dist/metapost/context/base/mpxl/mp-blob.mpxl fullname=/usr/local/texlive/2024/texmf-dist/metapost/context/base/mpxl/mp-blob.mpxl usedmethod=database
system          >   34: filename=mp-lmtx.mpxl filetype=mp foundname=/usr/local/texlive/2024/texmf-dist/metapost/context/base/mpxl/mp-lmtx.mpxl fullname=/usr/local/texlive/2024/texmf-dist/metapost/context/base/mpxl/mp-lmtx.mpxl usedmethod=database
system          >   35: filename=mp-text.mpxl filetype=mp foundname=/usr/local/texlive/2024/texmf-dist/metapost/context/base/mpxl/mp-text.mpxl fullname=/usr/local/texlive/2024/texmf-dist/metapost/context/base/mpxl/mp-text.mpxl usedmethod=database
system          >   36: filename=lpdf-pdx.xml filetype=tex foundname=/usr/local/texlive/2024/texmf-dist/tex/context/base/mkiv/lpdf-pdx.xml fullname=/usr/local/texlive/2024/texmf-dist/tex/context/base/mkiv/lpdf-pdx.xml usedmethod=database
system          > stop used files
system          > start commandline options
system          >   currentrun="1"
system          >   fulljobname="./Book.tex"
system          >   input="./Book.tex"
system          >   kindofrun="1"
system          >   maxnofruns="9"
system          >   synctex="true"
system          >   texmfbinpath="/usr/local/texlive/2024/bin/x86_64-linux"
system          > stop commandline options
system          > start commandline files
system          >    1: ./Book.tex
system          > stop commandline files
modules         > start used modules
modules         > loaded : *-s-layout-show
modules         > stop used modules
system          > 
system          > status after finishing run
system          > 
system          >   -----------------------------------------------------------------------------------------------------------------------------------------------------------------------------------
system          >           string       pool       hash     lookup       node      token     buffer      input       file       nest  parameter       save       font   language       mark     insert
system          >   -----------------------------------------------------------------------------------------------------------------------------------------------------------------------------------
system          >   max    2097152  100000000    2097152    2097152  100000000   10000000  100000000     100000       2000      10000     100000     500000     100000      10000      10000        500
system          >   min     150000   10000000     150000     150000    2000000    1000000    1000000      10000        500       1000      20000     100000        250        250         50         10
system          >   set     500000   10000000     250000     250000   50000000   10000000   10000000     100000       2000      10000     100000     500000     100000        250        250        250
system          >   stp     100000    1000000     100000     100000     500000     250000    1000000      10000        250       1000      10000      10000        250        250         50         25
system          > 
system          >   mem     150000     971596     150000               2000000    1000000    1000000      10000        500       1000      20000      10000    8832792         96       1200        320
system          >   all    2400000     971596    2400000              18000000    8000000    1000000     320000      16000      88000      80000     160000    8832792         96      28800      10240
system          > 
system          >   ini    2146277     932644          0      49108          0     544349                                                                                       0                      
system          >   ptr      51046                 10533      51029                600997          0          5          0          0          0          0          9          0         28          8
system          >   top      51047                807100     131074      10064     596071        343         45          7         22         47        452        250        250         50         10
system          >   -----------------------------------------------------------------------------------------------------------------------------------------------------------------------------------
system          > 
system          >   current input type    : initial
system          > 
system          >   approximate memory    : 45764300 (43 MB)
system          > 
system          >   expansion depth       : min: 10000, max: 1000000, set: 10000, top: 10
system          > 
system          >   luabytecode registers : 1017
system          >   luabytecode bytes     : 16288 (0 MB)
system          >   luastate bytes now    : 171781918 (163 MB)
system          >   luastate bytes max    : 174718765 (166 MB)
system          > 
system          >   file callbacks        : 1269
system          >   saved callbacks       : 446
system          >   direct callbacks      : 22
system          >   function callbacks    : 923
system          >   value callbacks       : 1216
system          >   message callbacks     : 0
system          >   bytecode callbacks    : 621
system          > 
system          >   mp instances          : 1
system          >   mp estimated memory   : 4088656 (3 MB)
system          >   mp file callbacks     : 13881
system          >   mp text callbacks     : 0
system          >   mp script callbacks   : 388
system          >   mp log callbacks      : 25
system          > 
system          >   total callbacks       : 4497
system          >   mp total callbacks    : 14294
system          >   backend callbacks     : 0
system          > 
mkiv lua stats  > used config file: selfautoparent:/texmfcnf.lua;selfautoparent:/texmf-dist/web2c/texmfcnf.lua
mkiv lua stats  > used cache path: readable+writable: '/home/fabio/.texlive2024/texmf-var/luametatex-cache/context/a86c089b384a3076dc514ba966a1fac9'
mkiv lua stats  > resource resolver: loadtime 0.183 seconds, 0 scans with scantime 0.000 seconds, 0 shared scans, 36 found files, scanned paths: <none>
mkiv lua stats  > stored bytecode data: 517 modules (0.529 sec), 104 tables (0.019 sec), 621 chunks (0.549 sec)
mkiv lua stats  > traced context: maxstack: 1762, freed: 2, unreachable: 1760
mkiv lua stats  > cleaned up reserved nodes: 82 nodes, 8 lists of 437
mkiv lua stats  > node memory usage: 10 attribute, 1 glue, 132 gluespec, 1 kern, 659 mathspec, 2 penalty, 2 temp
mkiv lua stats  > node list callback tasks: 16 unique task lists, 10 instances (re)created, 82 calls
mkiv lua stats  > synctex tracing: 1 referenced files, 6 files ignored, 7 objects flushed, logfile: Book.synctex
mkiv lua stats  > used backend: pdf
mkiv lua stats  > jobdata time: 0.002 seconds saving, 0.001 seconds loading
mkiv lua stats  > callbacks: file: 1269, saved: 446, direct: 22, function: 923, value: 1216, message: 0, bytecode: 621, late 0, total: 4497 (4497 per page)
mkiv lua stats  > randomizer: resumed with value 0.68497630123546
mkiv lua stats  > loaded tex modules: 1 requested, all found (*-s-layout-show)
mkiv lua stats  > loaded patterns: en::1, load time: 0.000
mkiv lua stats  > loaded fonts: 3 files: ibmplexmath-regular.otf, ibmplexserif-medium.otf, ibmplexserif-regular.otf
mkiv lua stats  > font engine: otf 3.140, afm 1.540, tfm 1.000, 9 instances, 5 shared in backend, 4 common vectors, 1 common hashes, load time 1.228 seconds 
mkiv lua stats  > metapost: 0.001 seconds, loading: 0.057, execution: 0.001, n: 4, average: 0.015, instances: 1, luacalls: 14294 (file: 13881, text: 0, script: 388, log: 25), memory: 3.899 M
mkiv lua stats  > page group warning: transparencies are used but no pagecolormodel is set
mkiv lua stats  > font embedding time: 0.004 seconds, 2 fonts
mkiv lua stats  > result saved in file: Book.pdf, compresslevel 1, objectcompresslevel 3, 12 streams, 0 uncompressed, 9 compressed, 3 not compressed, threshold 40
mkiv lua stats  > positions: 4 collected, 0 deltas, 0 shared partials, 0 partial entries
mkiv lua stats  > used platform: linux-64, type: unix, binary subtree: bin
mkiv lua stats  > used engine: luametatex version: 2.11.02, functionality level: 20240226, format id: 700, compiler: gcc
mkiv lua stats  > tex properties: 807100 hash slots used of 2097152, 51029 control sequences, approximate memory usage: 43 MB
mkiv lua stats  > lua properties: engine: lua 5.5, used memory: 167 MB, ctx: 163 MB, max: 166 MB, symbol mask: utf (τεχ)
mkiv lua stats  > runtime: 1.977 seconds, 1 processed pages, 1 shipped pages, 0.506 pages/second
